<?xml version="1.0" encoding="UTF-8"?>
<testsuite xmlns:xsi="http://www.w3.org/2001/XMLSchema-instance" xsi:noNamespaceSchemaLocation="https://maven.apache.org/surefire/maven-surefire-plugin/xsd/surefire-test-report-3.0.xsd" version="3.0" name="com.weacsoft.jaravel.vendor.redis.cache.RedisCacheDriverTest" time="3.077" tests="11" errors="0" skipped="0" failures="0">
  <properties>
[...]
</properties>
  <testcase name="testGetDeserializesJson" classname="com.weacsoft.jaravel.vendor.redis.cache.RedisCacheDriverTest" time="2.944">
    <system-err><![CDATA[WARNING: A Java agent has been loaded dynamically (D:\maven\local\net\bytebuddy\byte-buddy-agent\1.14.19\byte-buddy-agent-1.14.19.jar)
WARNING: If a serviceability tool is in use, please run with -XX:+EnableDynamicAgentLoading to hide this warning
WARNING: If a serviceability tool is not in use, please run with -Djdk.instrument.traceUsage for more information
WARNING: Dynamic loading of agents will be disallowed by default in a future release
SLF4J: Failed to load class "org.slf4j.impl.StaticLoggerBinder".
SLF4J: Defaulting to no-operation (NOP) logger implementation
SLF4J: See http://www.slf4j.org/codes.html#StaticLoggerBinder for further details.
]]></system-err>
  </testcase>
  <testcase name="testRemoveReturnsTrue" classname="com.weacsoft.jaravel.vendor.redis.cache.RedisCacheDriverTest" time="0.006"/>
  <testcase name="testRemoveReturnsFalse" classname="com.weacsoft.jaravel.vendor.redis.cache.RedisCacheDriverTest" time="0.005"/>
  <testcase name="testPutWithNegativeTtlCallsSet" classname="com.weacsoft.jaravel.vendor.redis.cache.RedisCacheDriverTest" time="0.025"/>
  <testcase name="testPutWithoutTtlCallsSet" classname="com.weacsoft.jaravel.vendor.redis.cache.RedisCacheDriverTest" time="0.004"/>
  <testcase name="testExistsReturnsFalse" classname="com.weacsoft.jaravel.vendor.redis.cache.RedisCacheDriverTest" time="0.004"/>
  <testcase name="testGetReturnsNullWhenKeyMissing" classname="com.weacsoft.jaravel.vendor.redis.cache.RedisCacheDriverTest" time="0.005"/>
  <testcase name="testGetDeserializesMap" classname="com.weacsoft.jaravel.vendor.redis.cache.RedisCacheDriverTest" time="0.009"/>
  <testcase name="testExistsReturnsTrue" classname="com.weacsoft.jaravel.vendor.redis.cache.RedisCacheDriverTest" time="0.003"/>
  <testcase name="testPutWithTtlCallsSetex" classname="com.weacsoft.jaravel.vendor.redis.cache.RedisCacheDriverTest" time="0.004"/>
  <testcase name="testPutMapSerialization" classname="com.weacsoft.jaravel.vendor.redis.cache.RedisCacheDriverTest" time="0.018"/>
</testsuite>