<?xml version="1.0" encoding="UTF-8"?>
<testsuite xmlns:xsi="http://www.w3.org/2001/XMLSchema-instance" xsi:noNamespaceSchemaLocation="https://maven.apache.org/surefire/maven-surefire-plugin/xsd/surefire-test-report-3.0.xsd" version="3.0" name="com.weacsoft.jaravel.vendor.utils.memory.MemoryClassLoaderTest" time="1.597" tests="7" errors="0" skipped="0" failures="0">
  <properties>
[...]
</properties>
  <testcase name="testMemoryFileManagerCollectsGeneratedClass" classname="com.weacsoft.jaravel.vendor.utils.memory.MemoryClassLoaderTest" time="1.255">
    <system-err><![CDATA[注: 由于在类路径中发现了一个或多个处理程序，因此启用了
  批注处理。未来发行版的 javac 可能会禁用批注处理，
  除非至少按名称指定了一个处理程序 (-processor)，
  或指定了搜索路径 (--processor-path, --processor-module-path)，
  或显式启用了批注处理 (-proc:only, -proc:full)。
  可使用 -Xlint:-options 隐藏此消息。
  可使用 -proc:none 禁用批注处理。
]]></system-err>
  </testcase>
  <testcase name="testLoadClassFromMemoryAndInvoke" classname="com.weacsoft.jaravel.vendor.utils.memory.MemoryClassLoaderTest" time="0.191">
    <system-err><![CDATA[注: 由于在类路径中发现了一个或多个处理程序，因此启用了
  批注处理。未来发行版的 javac 可能会禁用批注处理，
  除非至少按名称指定了一个处理程序 (-processor)，
  或指定了搜索路径 (--processor-path, --processor-module-path)，
  或显式启用了批注处理 (-proc:only, -proc:full)。
  可使用 -Xlint:-options 隐藏此消息。
  可使用 -proc:none 禁用批注处理。
]]></system-err>
  </testcase>
  <testcase name="testFindClassThrowsForUnknownClass" classname="com.weacsoft.jaravel.vendor.utils.memory.MemoryClassLoaderTest" time="0.004"/>
  <testcase name="testSourceCodeJavaFileObjectCharContent" classname="com.weacsoft.jaravel.vendor.utils.memory.MemoryClassLoaderTest" time="0.001"/>
  <testcase name="testFindClassLoadsFromMemoryDirectly" classname="com.weacsoft.jaravel.vendor.utils.memory.MemoryClassLoaderTest" time="0.098">
    <system-err><![CDATA[注: 由于在类路径中发现了一个或多个处理程序，因此启用了
  批注处理。未来发行版的 javac 可能会禁用批注处理，
  除非至少按名称指定了一个处理程序 (-processor)，
  或指定了搜索路径 (--processor-path, --processor-module-path)，
  或显式启用了批注处理 (-proc:only, -proc:full)。
  可使用 -Xlint:-options 隐藏此消息。
  可使用 -proc:none 禁用批注处理。
]]></system-err>
  </testcase>
  <testcase name="testLoadClassDelegatesToParentForJdkClasses" classname="com.weacsoft.jaravel.vendor.utils.memory.MemoryClassLoaderTest" time="0.002"/>
  <testcase name="testEmptyMapStillWorksForParentClasses" classname="com.weacsoft.jaravel.vendor.utils.memory.MemoryClassLoaderTest" time="0.001"/>
</testsuite>