<?xml version="1.0" encoding="UTF-8"?>
<testsuite xmlns:xsi="http://www.w3.org/2001/XMLSchema-instance" xsi:noNamespaceSchemaLocation="https://maven.apache.org/surefire/maven-surefire-plugin/xsd/surefire-test-report-3.0.xsd" version="3.0" name="com.weacsoft.jaravel.vendor.plugin.jar.remote.protocol.RemoteProtocolTest" time="0.005" tests="3" errors="0" skipped="0" failures="0">
  <properties>
[...]
</properties>
  <testcase name="headerLengthIsTwelveBytes" classname="com.weacsoft.jaravel.vendor.plugin.jar.remote.protocol.RemoteProtocolTest" time="0.001"/>
  <testcase name="messageTypeConstantsAreDistinctAndOrdered" classname="com.weacsoft.jaravel.vendor.plugin.jar.remote.protocol.RemoteProtocolTest" time="0.0"/>
  <testcase name="magicConstantIsJrpm" classname="com.weacsoft.jaravel.vendor.plugin.jar.remote.protocol.RemoteProtocolTest" time="0.001"/>
</testsuite>