<?xml version="1.0" encoding="UTF-8"?>
<testsuite xmlns:xsi="http://www.w3.org/2001/XMLSchema-instance" xsi:noNamespaceSchemaLocation="https://maven.apache.org/surefire/maven-surefire-plugin/xsd/surefire-test-report-3.0.xsd" version="3.0" name="com.weacsoft.jaravel.vendor.plugin.java.manager.StringSourcePluginTest" time="0.935" tests="6" errors="0" skipped="0" failures="0">
  <properties>
[...]
</properties>
  <testcase name="testSourceMode" classname="com.weacsoft.jaravel.vendor.plugin.java.manager.StringSourcePluginTest" time="0.297">
    <system-err><![CDATA[SLF4J: Failed to load class "org.slf4j.impl.StaticLoggerBinder".
SLF4J: Defaulting to no-operation (NOP) logger implementation
SLF4J: See http://www.slf4j.org/codes.html#StaticLoggerBinder for further details.
]]></system-err>
  </testcase>
  <testcase name="testRegisterFromSourceString" classname="com.weacsoft.jaravel.vendor.plugin.java.manager.StringSourcePluginTest" time="0.178"/>
  <testcase name="testEmptySource" classname="com.weacsoft.jaravel.vendor.plugin.java.manager.StringSourcePluginTest" time="0.002"/>
  <testcase name="testRegisterFromSourceMap" classname="com.weacsoft.jaravel.vendor.plugin.java.manager.StringSourcePluginTest" time="0.157"/>
  <testcase name="testNullSource" classname="com.weacsoft.jaravel.vendor.plugin.java.manager.StringSourcePluginTest" time="0.002"/>
  <testcase name="testReloadFromSource" classname="com.weacsoft.jaravel.vendor.plugin.java.manager.StringSourcePluginTest" time="0.293"/>
</testsuite>