<?xml version="1.0" encoding="UTF-8"?>
<testsuite xmlns:xsi="http://www.w3.org/2001/XMLSchema-instance" xsi:noNamespaceSchemaLocation="https://maven.apache.org/surefire/maven-surefire-plugin/xsd/surefire-test-report-3.0.xsd" version="3.0" name="com.weacsoft.jaravel.vendor.jwt.JwtServiceTest" time="6.329" tests="15" errors="0" skipped="0" failures="0">
  <properties>
[...]
</properties>
  <testcase name="testShouldRefreshReturnsFalseForInvalidToken" classname="com.weacsoft.jaravel.vendor.jwt.JwtServiceTest" time="0.53"/>
  <testcase name="testRemoveFromBlacklistRestoresToken" classname="com.weacsoft.jaravel.vendor.jwt.JwtServiceTest" time="0.176"/>
  <testcase name="testGetSubject" classname="com.weacsoft.jaravel.vendor.jwt.JwtServiceTest" time="0.008"/>
  <testcase name="testValidateRejectsTamperedToken" classname="com.weacsoft.jaravel.vendor.jwt.JwtServiceTest" time="0.004"/>
  <testcase name="testBlacklistDisabledByDefault" classname="com.weacsoft.jaravel.vendor.jwt.JwtServiceTest" time="0.003"/>
  <testcase name="testGenerateAndParse" classname="com.weacsoft.jaravel.vendor.jwt.JwtServiceTest" time="0.003"/>
  <testcase name="testBlacklistedRefreshTokenCannotRefresh" classname="com.weacsoft.jaravel.vendor.jwt.JwtServiceTest" time="0.009"/>
  <testcase name="testRefreshFailsWithAccessToken" classname="com.weacsoft.jaravel.vendor.jwt.JwtServiceTest" time="0.004"/>
  <testcase name="testIsExpiredForExpiredToken" classname="com.weacsoft.jaravel.vendor.jwt.JwtServiceTest" time="0.006"/>
  <testcase name="testValidateValidToken" classname="com.weacsoft.jaravel.vendor.jwt.JwtServiceTest" time="0.002"/>
  <testcase name="testShouldRefreshAfterHalfway" classname="com.weacsoft.jaravel.vendor.jwt.JwtServiceTest" time="5.505"/>
  <testcase name="testBlacklistRejectsTokenWhenEnabled" classname="com.weacsoft.jaravel.vendor.jwt.JwtServiceTest" time="0.004"/>
  <testcase name="testGetSubjectFromExpiredToken" classname="com.weacsoft.jaravel.vendor.jwt.JwtServiceTest" time="0.002"/>
  <testcase name="testGenerateWithCustomClaims" classname="com.weacsoft.jaravel.vendor.jwt.JwtServiceTest" time="0.002"/>
  <testcase name="testGenerateRefreshTokenAndRefresh" classname="com.weacsoft.jaravel.vendor.jwt.JwtServiceTest" time="0.004"/>
</testsuite>